<?xml version="1.0" encoding="UTF-8"?>
<!-- Generated by org.testng.reporters.JUnitXMLReporter -->
<testsuite ignored="20" hostname="PSDLAP376" failures="1" tests="1" name="Default test" time="11.894" errors="0" timestamp="2025-02-20T16:04:42 IST">
  <testcase classname="test.BlogTest" name="TC01_TC02_Blog_Tab" time="3.127">
    <failure type="java.lang.AssertionError" message="expected [Blog] but found []">
      <![CDATA[java.lang.AssertionError: expected [Blog] but found []
at org.testng.Assert.fail(Assert.java:111)
at org.testng.Assert.failNotEquals(Assert.java:1578)
at org.testng.Assert.assertEqualsImpl(Assert.java:150)
at org.testng.Assert.assertEquals(Assert.java:132)
at org.testng.Assert.assertEquals(Assert.java:656)
at org.testng.Assert.assertEquals(Assert.java:666)
at test.BlogTest.TC01_TC02_Blog_Tab(BlogTest.java:23)
at java.base/jdk.internal.reflect.DirectMethodHandleAccessor.invoke(DirectMethodHandleAccessor.java:103)
at java.base/java.lang.reflect.Method.invoke(Method.java:580)
at org.testng.internal.invokers.MethodInvocationHelper.invokeMethod(MethodInvocationHelper.java:141)
at org.testng.internal.invokers.TestInvoker.invokeMethod(TestInvoker.java:686)
at org.testng.internal.invokers.TestInvoker.invokeTestMethod(TestInvoker.java:230)
at org.testng.internal.invokers.MethodRunner.runInSequence(MethodRunner.java:63)
at org.testng.internal.invokers.TestInvoker$MethodInvocationAgent.invoke(TestInvoker.java:992)
at org.testng.internal.invokers.TestInvoker.invokeTestMethods(TestInvoker.java:203)
at org.testng.internal.invokers.TestMethodWorker.invokeTestMethods(TestMethodWorker.java:154)
at org.testng.internal.invokers.TestMethodWorker.run(TestMethodWorker.java:134)
at java.base/java.util.ArrayList.forEach(ArrayList.java:1597)
at org.testng.TestRunner.privateRun(TestRunner.java:739)
at org.testng.TestRunner.run(TestRunner.java:614)
at org.testng.SuiteRunner.runTest(SuiteRunner.java:421)
at org.testng.SuiteRunner.runSequentially(SuiteRunner.java:413)
at org.testng.SuiteRunner.privateRun(SuiteRunner.java:373)
at org.testng.SuiteRunner.run(SuiteRunner.java:312)
at org.testng.SuiteRunnerWorker.runSuite(SuiteRunnerWorker.java:52)
at org.testng.SuiteRunnerWorker.run(SuiteRunnerWorker.java:95)
at org.testng.TestNG.runSuitesSequentially(TestNG.java:1274)
at org.testng.TestNG.runSuitesLocally(TestNG.java:1208)
at org.testng.TestNG.runSuites(TestNG.java:1112)
at org.testng.TestNG.run(TestNG.java:1079)
at org.testng.remote.AbstractRemoteTestNG.run(AbstractRemoteTestNG.java:115)
at org.testng.remote.RemoteTestNG.initAndRun(RemoteTestNG.java:293)
at org.testng.remote.RemoteTestNG.main(RemoteTestNG.java:91)
]]>
    </failure>
  </testcase> <!-- TC01_TC02_Blog_Tab -->
  <testcase classname="test.BlogTest" name="TC13_Blog_Tab" time="0.0">
    <ignored/>
  </testcase> <!-- TC13_Blog_Tab -->
  <testcase classname="test.BlogTest" name="TC08_Blog_Tab" time="0.0">
    <ignored/>
  </testcase> <!-- TC08_Blog_Tab -->
  <testcase classname="test.BlogTest" name="TC04_Blog_Tab" time="0.0">
    <ignored/>
  </testcase> <!-- TC04_Blog_Tab -->
  <testcase classname="test.BlogTest" name="TC17_Blog_Tab" time="0.0">
    <ignored/>
  </testcase> <!-- TC17_Blog_Tab -->
  <testcase classname="test.BlogTest" name="TC22_Blog_Tab" time="0.0">
    <ignored/>
  </testcase> <!-- TC22_Blog_Tab -->
  <testcase classname="test.BlogTest" name="TC12_Blog_Tab" time="0.0">
    <ignored/>
  </testcase> <!-- TC12_Blog_Tab -->
  <testcase classname="test.BlogTest" name="TC20_Blog_Tab" time="0.0">
    <ignored/>
  </testcase> <!-- TC20_Blog_Tab -->
  <testcase classname="test.BlogTest" name="TC11_Blog_Tab" time="0.0">
    <ignored/>
  </testcase> <!-- TC11_Blog_Tab -->
  <testcase classname="test.BlogTest" name="TC21_Blog_Tab" time="0.0">
    <ignored/>
  </testcase> <!-- TC21_Blog_Tab -->
  <testcase classname="test.BlogTest" name="TC14_Blog_Tab" time="0.0">
    <ignored/>
  </testcase> <!-- TC14_Blog_Tab -->
  <testcase classname="test.BlogTest" name="TC05_Blog_Tab" time="0.0">
    <ignored/>
  </testcase> <!-- TC05_Blog_Tab -->
  <testcase classname="test.BlogTest" name="TC09_Blog_Tab" time="0.0">
    <ignored/>
  </testcase> <!-- TC09_Blog_Tab -->
  <testcase classname="test.BlogTest" name="TC18_Blog_Tab" time="0.0">
    <ignored/>
  </testcase> <!-- TC18_Blog_Tab -->
  <testcase classname="test.BlogTest" name="TC010_Blog_Tab" time="0.0">
    <ignored/>
  </testcase> <!-- TC010_Blog_Tab -->
  <testcase classname="test.BlogTest" name="TC15_Blog_Tab" time="0.0">
    <ignored/>
  </testcase> <!-- TC15_Blog_Tab -->
  <testcase classname="test.BlogTest" name="TC06_Blog_Tab" time="0.0">
    <ignored/>
  </testcase> <!-- TC06_Blog_Tab -->
  <testcase classname="test.BlogTest" name="TC07_Blog_Tab" time="0.0">
    <ignored/>
  </testcase> <!-- TC07_Blog_Tab -->
  <testcase classname="test.BlogTest" name="TC03_Blog_Tab" time="0.0">
    <ignored/>
  </testcase> <!-- TC03_Blog_Tab -->
  <testcase classname="test.BlogTest" name="TC16_Blog_Tab" time="0.0">
    <ignored/>
  </testcase> <!-- TC16_Blog_Tab -->
  <testcase classname="test.BlogTest" name="TC19_Blog_Tab" time="0.0">
    <ignored/>
  </testcase> <!-- TC19_Blog_Tab -->
</testsuite> <!-- Default test -->
